<?xml version="1.0" encoding="UTF-8"?>
<!-- Generated by org.testng.reporters.JUnitReportReporter -->
<testsuite skipped="0" hostname="DESKTOP-TSL53AG" name="test.MonthDropDownTest" tests="1" failures="0" timestamp="25 Sep 2019 02:59:49 GMT" time="10.643" errors="0">
  <testcase name="MonthDropDownList" time="10.643" classname="test.MonthDropDownTest"/>
</testsuite> <!-- test.MonthDropDownTest -->
